2026-06-29T01:36:36Z === provision start ===
2026-06-29T01:36:37Z create(1-broker): 
aws: [ERROR]: An error occurred (BadRequestException) when calling the CreateCluster operation: Specify either two or three client subnets.

Additional error details:
InvalidParameter: brokerNodeGroupInfo
2026-06-29T01:36:37Z 1-broker rejected -> trying 2-broker/2-AZ
2026-06-29T01:36:39Z create(2-broker): {
    "ClusterArn": "arn:aws:kafka:us-east-1:305996241648:cluster/ulw-offset-validation/4459fa8d-17bf-476e-b067-0f99c077efe8-3",
    "ClusterName": "ulw-offset-validation",
    "State": "CREATING"
}
2026-06-29T01:36:39Z ARN=arn:aws:kafka:us-east-1:305996241648:cluster/ulw-offset-validation/4459fa8d-17bf-476e-b067-0f99c077efe8-3
2026-06-29T01:36:41Z state=CREATING
2026-06-29T01:37:12Z state=CREATING
2026-06-29T01:37:43Z state=CREATING
2026-06-29T01:38:14Z state=CREATING
2026-06-29T01:38:46Z state=CREATING
2026-06-29T01:39:17Z state=CREATING
2026-06-29T01:39:48Z state=CREATING
2026-06-29T01:40:19Z state=CREATING
2026-06-29T01:40:50Z state=CREATING
2026-06-29T01:41:22Z state=CREATING
2026-06-29T01:41:53Z state=CREATING
2026-06-29T01:42:24Z state=CREATING
2026-06-29T01:42:55Z state=CREATING
2026-06-29T01:43:26Z state=CREATING
2026-06-29T01:43:58Z state=CREATING
2026-06-29T01:44:29Z state=CREATING
2026-06-29T01:45:00Z state=CREATING
2026-06-29T01:45:31Z state=CREATING
2026-06-29T01:46:02Z state=CREATING
2026-06-29T01:46:34Z state=CREATING
2026-06-29T01:47:05Z state=CREATING
2026-06-29T01:47:36Z state=CREATING
2026-06-29T01:48:07Z state=CREATING
2026-06-29T01:48:38Z state=CREATING
2026-06-29T01:49:09Z state=CREATING
2026-06-29T01:49:41Z state=CREATING
2026-06-29T01:50:12Z state=CREATING
2026-06-29T01:50:43Z state=CREATING
2026-06-29T01:51:14Z state=CREATING
2026-06-29T01:51:45Z state=CREATING
2026-06-29T01:52:17Z state=CREATING
2026-06-29T01:52:48Z state=CREATING
2026-06-29T01:53:19Z state=CREATING
2026-06-29T01:53:50Z state=CREATING
2026-06-29T01:54:21Z state=CREATING
2026-06-29T01:54:52Z state=CREATING
2026-06-29T01:55:24Z state=CREATING
2026-06-29T01:55:55Z state=CREATING
2026-06-29T01:56:26Z state=CREATING
2026-06-29T01:56:57Z state=CREATING
2026-06-29T01:57:28Z state=CREATING
2026-06-29T01:58:00Z state=CREATING
2026-06-29T01:58:31Z state=CREATING
2026-06-29T01:59:02Z state=CREATING
2026-06-29T01:59:33Z state=CREATING
2026-06-29T02:00:04Z state=CREATING
2026-06-29T02:00:36Z state=CREATING
2026-06-29T02:01:07Z state=CREATING
2026-06-29T02:01:38Z state=CREATING
2026-06-29T02:02:09Z state=CREATING
2026-06-29T02:02:40Z state=CREATING
2026-06-29T02:03:12Z state=CREATING
2026-06-29T02:03:43Z state=CREATING
2026-06-29T02:04:14Z state=CREATING
2026-06-29T02:04:45Z state=ACTIVE
2026-06-29T02:04:46Z BOOTSTRAP=b-2.ulwoffsetvalidation.3elbqu.c3.kafka.us-east-1.amazonaws.com:9092,b-1.ulwoffsetvalidation.3elbqu.c3.kafka.us-east-1.amazonaws.com:9092
2026-06-29T02:04:46Z === provision done ===
