[2026-06-29T03:09:48Z] ================================================================
[2026-06-29T03:09:48Z] TEARDOWN START (repo: /home/ec2-user/work/aws/customer/idaily)
[2026-06-29T03:09:48Z] ================================================================
[2026-06-29T03:09:48Z] --- Step 1: Stop MirrorMaker2 ---
[2026-06-29T03:09:48Z] Found MM2 PID file: .cluster/mm2.pid (PID=2581642). Killing...
[2026-06-29T03:09:48Z] kill 2581642 issued (errors ignored).
[2026-06-29T03:09:48Z] Best-effort pkill -f connect-mirror-maker...
[2026-06-29T03:09:48Z] Step 1 complete.
[2026-06-29T03:09:48Z] --- Step 2: Delete MSK cluster ---
[2026-06-29T03:09:48Z] Found cluster ARN: arn:aws:kafka:us-east-1:305996241648:cluster/ulw-offset-validation/4459fa8d-17bf-476e-b067-0f99c077efe8-3
[2026-06-29T03:09:48Z] Issuing delete-cluster...
{
    "ClusterArn": "arn:aws:kafka:us-east-1:305996241648:cluster/ulw-offset-validation/4459fa8d-17bf-476e-b067-0f99c077efe8-3",
    "State": "DELETING"
}
[2026-06-29T03:09:49Z] Polling cluster state until gone (every 30s)...
[2026-06-29T03:09:51Z] Cluster state: DELETING — waiting 30s...
[2026-06-29T03:10:22Z] Cluster state: DELETING — waiting 30s...
[2026-06-29T03:10:53Z] Cluster state: DELETING — waiting 30s...
[2026-06-29T03:11:24Z] Cluster state: DELETING — waiting 30s...
[2026-06-29T03:11:55Z] Cluster state: DELETING — waiting 30s...
[2026-06-29T03:12:27Z] Cluster state: DELETING — waiting 30s...
[2026-06-29T03:12:58Z] Cluster state: DELETING — waiting 30s...
[2026-06-29T03:13:29Z] Cluster state: DELETING — waiting 30s...
[2026-06-29T03:14:00Z] Cluster no longer found (describe errored). Deletion confirmed.
[2026-06-29T03:14:00Z] Step 2 complete.
[2026-06-29T03:14:00Z] --- Step 3: Remove disposable artifacts ---
[2026-06-29T03:14:00Z] rm -rf /tmp/opencode/kafka
[2026-06-29T03:14:00Z] rm -f harness/mm2.properties
[2026-06-29T03:14:00Z] rm -rf .cluster
[2026-06-29T03:14:00Z] Step 3 complete.
[2026-06-29T03:14:00Z] --- Step 4: Verify ---
[2026-06-29T03:14:02Z] RESIDUAL CLUSTERS: 
[2026-06-29T03:14:02Z] SG sg-04efe43ef7acfbed1 reused, nothing to revert
[2026-06-29T03:14:02Z] Step 4 complete.
[2026-06-29T03:14:02Z] ================================================================
TEARDOWN COMPLETE
[2026-06-29T03:14:02Z] ================================================================
